PatientCareApp/app/manifest-merger-release-report.txt
-- Merging decision tree log ---
manifest
ADDED from AndroidManifest.xml:2:1
	package
		ADDED from AndroidManifest.xml:3:5
		INJECTED from AndroidManifest.xml:0:0
		INJECTED from AndroidManifest.xml:0:0
	android:versionName
		INJECTED from AndroidManifest.xml:0:0
		INJECTED from AndroidManifest.xml:0:0
	xmlns:android
		ADDED from AndroidManifest.xml:2:11
	android:versionCode
		INJECTED from AndroidManifest.xml:0:0
		INJECTED from AndroidManifest.xml:0:0
uses-sdk
ADDED from AndroidManifest.xml:5:5
MERGED from com.android.support:appcompat-v7:22.1.1:20:5
MERGED from com.android.support:support-v4:22.1.1:20:5
MERGED from PatientCareApp:volley:unspecified:7:5
	android:targetSdkVersion
		ADDED from AndroidManifest.xml:7:9
		INJECTED from AndroidManifest.xml:0:0
		INJECTED from AndroidManifest.xml:0:0
	android:minSdkVersion
		ADDED from AndroidManifest.xml:6:9
		INJECTED from AndroidManifest.xml:0:0
		INJECTED from AndroidManifest.xml:0:0
uses-permission#android.permission.READ_EXTERNAL_STORAGE
ADDED from AndroidManifest.xml:9:5
	android:name
		ADDED from AndroidManifest.xml:9:22
uses-permission#android.permission.INTERNET
ADDED from AndroidManifest.xml:10:5
	android:name
		ADDED from AndroidManifest.xml:10:22
uses-permission#android.permission.ACCESS_NETWORK_STATE
ADDED from AndroidManifest.xml:11:5
	android:name
		ADDED from AndroidManifest.xml:11:22
application
ADDED from AndroidManifest.xml:13:5
MERGED from com.android.support:appcompat-v7:22.1.1:22:5
MERGED from com.android.support:support-v4:22.1.1:22:5
MERGED from PatientCareApp:volley:unspecified:9:5
	android:label
		ADDED from AndroidManifest.xml:16:9
	android:allowBackup
		ADDED from AndroidManifest.xml:14:9
	android:icon
		ADDED from AndroidManifest.xml:15:9
	android:theme
		ADDED from AndroidManifest.xml:17:9
activity#com.example.zem.patientcareapp.MainActivity
ADDED from AndroidManifest.xml:18:9
	android:configChanges
		ADDED from AndroidManifest.xml:22:13
	launchMode
		ADDED from AndroidManifest.xml:20:13
	android:theme
		ADDED from AndroidManifest.xml:21:13
	android:name
		ADDED from AndroidManifest.xml:19:13
activity#com.example.zem.patientcareapp.SignUpFragment
ADDED from AndroidManifest.xml:25:9
	android:configChanges
		ADDED from AndroidManifest.xml:27:13
	android:name
		ADDED from AndroidManifest.xml:26:13
activity#com.example.zem.patientcareapp.AccountFragment
ADDED from AndroidManifest.xml:28:9
	android:configChanges
		ADDED from AndroidManifest.xml:30:13
	android:name
		ADDED from AndroidManifest.xml:29:13
activity#com.example.zem.patientcareapp.ContactsFragment
ADDED from AndroidManifest.xml:31:9
	android:configChanges
		ADDED from AndroidManifest.xml:33:13
	android:name
		ADDED from AndroidManifest.xml:32:13
activity#com.example.zem.patientcareapp.ListOfDoctorsFragment
ADDED from AndroidManifest.xml:34:9
	android:configChanges
		ADDED from AndroidManifest.xml:36:13
	android:name
		ADDED from AndroidManifest.xml:35:13
activity#com.example.zem.patientcareapp.DoctorActivity
ADDED from AndroidManifest.xml:37:9
	android:configChanges
		ADDED from AndroidManifest.xml:39:13
	android:name
		ADDED from AndroidManifest.xml:38:13
activity#com.example.zem.patientcareapp.PatientProfileFragment
ADDED from AndroidManifest.xml:40:9
	android:configChanges
		ADDED from AndroidManifest.xml:42:13
	android:name
		ADDED from AndroidManifest.xml:41:13
activity#com.example.zem.patientcareapp.PatientHistoryFragment
ADDED from AndroidManifest.xml:43:9
	android:configChanges
		ADDED from AndroidManifest.xml:45:13
	android:name
		ADDED from AndroidManifest.xml:44:13
activity#com.example.zem.patientcareapp.HomeTileActivity
ADDED from AndroidManifest.xml:46:9
	android:configChanges
		ADDED from AndroidManifest.xml:50:13
	launchMode
		ADDED from AndroidManifest.xml:49:13
	android:theme
		ADDED from AndroidManifest.xml:48:13
	android:name
		ADDED from AndroidManifest.xml:47:13
activity#com.example.zem.patientcareapp.MasterTabActivity
ADDED from AndroidManifest.xml:52:9
	android:configChanges
		ADDED from AndroidManifest.xml:55:13
	android:theme
		ADDED from AndroidManifest.xml:54:13
	android:name
		ADDED from AndroidManifest.xml:53:13
activity#com.example.zem.patientcareapp.EditTabsActivity
ADDED from AndroidManifest.xml:56:9
	android:configChanges
		ADDED from AndroidManifest.xml:59:13
	android:theme
		ADDED from AndroidManifest.xml:58:13
	android:name
		ADDED from AndroidManifest.xml:57:13
activity#com.example.zem.patientcareapp.PatientMedicalRecordActivity
ADDED from AndroidManifest.xml:60:9
	android:name
		ADDED from AndroidManifest.xml:60:19
activity#com.example.zem.patientcareapp.Patient
ADDED from AndroidManifest.xml:62:9
	android:name
		ADDED from AndroidManifest.xml:62:19
activity#com.example.zem.patientcareapp.Medicine
ADDED from AndroidManifest.xml:63:9
	android:name
		ADDED from AndroidManifest.xml:63:19
activity#com.example.zem.patientcareapp.Doctor
ADDED from AndroidManifest.xml:64:9
	android:name
		ADDED from AndroidManifest.xml:64:19
activity#com.example.zem.patientcareapp.PatientRecord
ADDED from AndroidManifest.xml:65:9
	android:name
		ADDED from AndroidManifest.xml:65:19
activity#com.example.zem.patientcareapp.FileCache
ADDED from AndroidManifest.xml:67:9
	android:name
		ADDED from AndroidManifest.xml:67:19
activity#com.example.zem.patientcareapp.Utils
ADDED from AndroidManifest.xml:68:9
	android:name
		ADDED from AndroidManifest.xml:68:19
activity#com.example.zem.patientcareapp.MemoryCache
ADDED from AndroidManifest.xml:69:9
	android:name
		ADDED from AndroidManifest.xml:69:19
activity#com.example.zem.patientcareapp.LazyAdapter
ADDED from AndroidManifest.xml:70:9
	android:name
		ADDED from AndroidManifest.xml:70:19
activity#com.example.zem.patientcareapp.ImageLoader
ADDED from AndroidManifest.xml:71:9
	android:name
		ADDED from AndroidManifest.xml:71:19
activity#com.example.zem.patientcareapp.ProductsFragment
ADDED from AndroidManifest.xml:72:9
	android:name
		ADDED from AndroidManifest.xml:72:19
activity#com.example.zem.patientcareapp.DbHelper
ADDED from AndroidManifest.xml:73:9
	android:name
		ADDED from AndroidManifest.xml:73:19
activity#com.example.zem.patientcareapp.PatientConsultationActivity
ADDED from AndroidManifest.xml:74:9
	android:name
		ADDED from AndroidManifest.xml:74:19
activity#com.example.zem.patientcareapp.PatientConsultationFragment
ADDED from AndroidManifest.xml:75:9
	android:name
		ADDED from AndroidManifest.xml:75:19
activity#com.example.zem.patientcareapp.ShoppingCartFragment
ADDED from AndroidManifest.xml:76:9
	android:name
		ADDED from AndroidManifest.xml:76:19
activity#com.example.zem.patientcareapp.AppController
ADDED from AndroidManifest.xml:77:9
	android:name
		ADDED from AndroidManifest.xml:77:19
activity#com.example.zem.patientcareapp.LruBitmapCache
ADDED from AndroidManifest.xml:78:9
	android:name
		ADDED from AndroidManifest.xml:78:19
activity#com.example.zem.patientcareapp.Sync
ADDED from AndroidManifest.xml:79:9
	android:name
		ADDED from AndroidManifest.xml:79:19
activity#com.example.zem.patientcareapp.ProductCategory
ADDED from AndroidManifest.xml:80:9
	android:name
		ADDED from AndroidManifest.xml:80:19
activity#com.example.zem.patientcareapp.ProductSubCategory
ADDED from AndroidManifest.xml:81:9
	android:name
		ADDED from AndroidManifest.xml:81:19
activity#com.example.zem.patientcareapp.Product
ADDED from AndroidManifest.xml:82:9
	android:name
		ADDED from AndroidManifest.xml:82:19
activity#com.example.zem.patientcareapp.ProductCategoriesFragment
ADDED from AndroidManifest.xml:83:9
	android:name
		ADDED from AndroidManifest.xml:83:19
activity#com.example.zem.patientcareapp.PreloadNonUserRelatedData
ADDED from AndroidManifest.xml:84:9
	android:name
		ADDED from AndroidManifest.xml:84:19
activity#com.example.zem.patientcareapp.Basket
ADDED from AndroidManifest.xml:87:9
	android:name
		ADDED from AndroidManifest.xml:87:19
activity#com.example.zem.patientcareapp.SplashActivity
ADDED from AndroidManifest.xml:88:9
	android:name
		ADDED from AndroidManifest.xml:88:19
intent-filter#android.intent.action.MAIN+android.intent.category.LAUNCHER
ADDED from AndroidManifest.xml:89:13
action#android.intent.action.MAIN
ADDED from AndroidManifest.xml:90:17
	android:name
		ADDED from AndroidManifest.xml:90:25
category#android.intent.category.LAUNCHER
ADDED from AndroidManifest.xml:92:17
	android:name
		ADDED from AndroidManifest.xml:92:27